<html>
<head>
<title>TestNG:  Command line test</title>
<link href="../testng.css" rel="stylesheet" type="text/css" />
<link href="../my-testng.css" rel="stylesheet" type="text/css" />

<style type="text/css">
.log { display: none;} 
.stack-trace { display: none;} 
</style>
<script type="text/javascript">
<!--
function flip(e) {
  current = e.style.display;
  if (current == 'block') {
    e.style.display = 'none';
    return 0;
  }
  else {
    e.style.display = 'block';
    return 1;
  }
}

function toggleBox(szDivId, elem, msg1, msg2)
{
  var res = -1;  if (document.getElementById) {
    res = flip(document.getElementById(szDivId));
  }
  else if (document.all) {
    // this is the way old msie versions work
    res = flip(document.all[szDivId]);
  }
  if(elem) {
    if(res == 0) elem.innerHTML = msg1; else elem.innerHTML = msg2;
  }

}

function toggleAllBoxes() {
  if (document.getElementsByTagName) {
    d = document.getElementsByTagName('div');
    for (i = 0; i < d.length; i++) {
      if (d[i].className == 'log') {
        flip(d[i]);
      }
    }
  }
}

// -->
</script>

</head>
<body>
<h2 align='center'>Command line test</h2><table border='1' align="center">
<tr>
<td>Tests passed/Failed/Skipped:</td><td>9/1/0</td>
</tr><tr>
<td>Started on:</td><td>Mon Jul 21 12:25:03 EDT 2014</td>
</tr>
<tr><td>Total time:</td><td>0 seconds (911 ms)</td>
</tr><tr>
<td>Included groups:</td><td></td>
</tr><tr>
<td>Excluded groups:</td><td></td>
</tr>
</table><p/>
<small><i>(Hover the method name to see the test class name)</i></small><p/>
<table width='100%' border='1' class='invocation-failed'>
<tr><td colspan='4' align='center'><b>FAILED TESTS</b></td></tr>
<tr><td><b>Test method</b></td>
<td width="30%"><b>Exception</b></td>
<td width="10%"><b>Time (seconds)</b></td>
<td><b>Instance</b></td>
</tr>
<tr>
<td title='com.pokitdok.tests.PokitDokTest.providersTest()'><b>providersTest</b><br>Test class: com.pokitdok.tests.PokitDokTest</td>
<td><div><pre>java.lang.ClassCastException: org.json.simple.JSONArray cannot be cast to java.util.Map
	at com.pokitdok.tests.PokitDokTest.assertHasData(PokitDokTest.java:125)
	at com.pokitdok.tests.PokitDokTest.providersTest(PokitDokTest.java:63)
	at sun.reflect.NativeMethodAccessorImpl.invoke0(Native Method)
	at sun.reflect.NativeMethodAccessorImpl.invoke(NativeMethodAccessorImpl.java:39)
	at sun.reflect.DelegatingMethodAccessorImpl.invoke(DelegatingMethodAccessorImpl.java:25)
	at java.lang.reflect.Method.invoke(Method.java:597)
	at org.testng.internal.MethodInvocationHelper.invokeMethod(MethodInvocationHelper.java:84)
	at org.testng.internal.Invoker.invokeMethod(Invoker.java:714)
	at org.testng.internal.Invoker.invokeTestMethod(Invoker.java:901)
	at org.testng.internal.Invoker.invokeTestMethods(Invoker.java:1231)
	at org.testng.internal.TestMethodWorker.invokeTestMethods(TestMethodWorker.java:127)
	at org.testng.internal.TestMethodWorker.run(TestMethodWorker.java:111)
	at org.testng.TestRunner.privateRun(TestRunner.java:767)
	at org.testng.TestRunner.run(TestRunner.java:617)
	at org.testng.SuiteRunner.runTest(SuiteRunner.java:334)
	at org.testng.SuiteRunner.runSequentially(SuiteRunner.java:329)
	at org.testng.SuiteRunner.privateRun(SuiteRunner.java:291)
	at org.testng.SuiteRunner.run(SuiteRunner.java:240)
	at org.testng.SuiteRunnerWorker.runSuite(SuiteRunnerWorker.java:52)
	at org.testng.SuiteRunnerWorker.run(SuiteRunnerWorker.java:86)
	at org.testng.TestNG.runSuitesSequentially(TestNG.java:1224)
	at org.testng.TestNG.runSuitesLocally(TestNG.java:1149)
	at org.testng.TestNG.run(TestNG.java:1057)
	at org.testng.TestNG.privateMain(TestNG.java:1364)
	at org.testng.TestNG.main(TestNG.java:1333)
</pre></div><a href='#' onClick='toggleBox("stack-trace1754024567", this, "Click to show all stack frames", "Click to hide stack frames")'>Click to show all stack frames</a>
<div class='stack-trace' id='stack-trace1754024567'><pre>java.lang.ClassCastException: org.json.simple.JSONArray cannot be cast to java.util.Map
	at com.pokitdok.tests.PokitDokTest.assertHasData(PokitDokTest.java:125)
	at com.pokitdok.tests.PokitDokTest.providersTest(PokitDokTest.java:63)
	at sun.reflect.NativeMethodAccessorImpl.invoke0(Native Method)
	at sun.reflect.NativeMethodAccessorImpl.invoke(NativeMethodAccessorImpl.java:39)
	at sun.reflect.DelegatingMethodAccessorImpl.invoke(DelegatingMethodAccessorImpl.java:25)
	at java.lang.reflect.Method.invoke(Method.java:597)
	at org.testng.internal.MethodInvocationHelper.invokeMethod(MethodInvocationHelper.java:84)
	at org.testng.internal.Invoker.invokeMethod(Invoker.java:714)
	at org.testng.internal.Invoker.invokeTestMethod(Invoker.java:901)
	at org.testng.internal.Invoker.invokeTestMethods(Invoker.java:1231)
	at org.testng.internal.TestMethodWorker.invokeTestMethods(TestMethodWorker.java:127)
	at org.testng.internal.TestMethodWorker.run(TestMethodWorker.java:111)
	at org.testng.TestRunner.privateRun(TestRunner.java:767)
	at org.testng.TestRunner.run(TestRunner.java:617)
	at org.testng.SuiteRunner.runTest(SuiteRunner.java:334)
	at org.testng.SuiteRunner.runSequentially(SuiteRunner.java:329)
	at org.testng.SuiteRunner.privateRun(SuiteRunner.java:291)
	at org.testng.SuiteRunner.run(SuiteRunner.java:240)
	at org.testng.SuiteRunnerWorker.runSuite(SuiteRunnerWorker.java:52)
	at org.testng.SuiteRunnerWorker.run(SuiteRunnerWorker.java:86)
	at org.testng.TestNG.runSuitesSequentially(TestNG.java:1224)
	at org.testng.TestNG.runSuitesLocally(TestNG.java:1149)
	at org.testng.TestNG.run(TestNG.java:1057)
	at org.testng.TestNG.privateMain(TestNG.java:1364)
	at org.testng.TestNG.main(TestNG.java:1333)
</pre></div></td>
<td>0</td>
<td>com.pokitdok.tests.PokitDokTest@5705b99f</td></tr>
</table><p>
<table width='100%' border='1' class='invocation-passed'>
<tr><td colspan='4' align='center'><b>PASSED TESTS</b></td></tr>
<tr><td><b>Test method</b></td>
<td width="30%"><b>Exception</b></td>
<td width="10%"><b>Time (seconds)</b></td>
<td><b>Instance</b></td>
</tr>
<tr>
<td title='com.pokitdok.tests.PokitDokTest.activitiesTest()'><b>activitiesTest</b><br>Test class: com.pokitdok.tests.PokitDokTest</td>
<td></td>
<td>0</td>
<td>com.pokitdok.tests.PokitDokTest@5705b99f</td></tr>
<tr>
<td title='com.pokitdok.tests.PokitDokTest.cashPricesTest()'><b>cashPricesTest</b><br>Test class: com.pokitdok.tests.PokitDokTest</td>
<td></td>
<td>0</td>
<td>com.pokitdok.tests.PokitDokTest@5705b99f</td></tr>
<tr>
<td title='com.pokitdok.tests.PokitDokTest.claimsStatusTest()'><b>claimsStatusTest</b><br>Test class: com.pokitdok.tests.PokitDokTest</td>
<td></td>
<td>0</td>
<td>com.pokitdok.tests.PokitDokTest@5705b99f</td></tr>
<tr>
<td title='com.pokitdok.tests.PokitDokTest.claimsTest()'><b>claimsTest</b><br>Test class: com.pokitdok.tests.PokitDokTest</td>
<td></td>
<td>0</td>
<td>com.pokitdok.tests.PokitDokTest@5705b99f</td></tr>
<tr>
<td title='com.pokitdok.tests.PokitDokTest.eligibilityTest()'><b>eligibilityTest</b><br>Test class: com.pokitdok.tests.PokitDokTest</td>
<td></td>
<td>0</td>
<td>com.pokitdok.tests.PokitDokTest@5705b99f</td></tr>
<tr>
<td title='com.pokitdok.tests.PokitDokTest.filesTest()'><b>filesTest</b><br>Test class: com.pokitdok.tests.PokitDokTest</td>
<td></td>
<td>0</td>
<td>com.pokitdok.tests.PokitDokTest@5705b99f</td></tr>
<tr>
<td title='com.pokitdok.tests.PokitDokTest.insurancePricesTest()'><b>insurancePricesTest</b><br>Test class: com.pokitdok.tests.PokitDokTest</td>
<td></td>
<td>0</td>
<td>com.pokitdok.tests.PokitDokTest@5705b99f</td></tr>
<tr>
<td title='com.pokitdok.tests.PokitDokTest.payersTest()'><b>payersTest</b><br>Test class: com.pokitdok.tests.PokitDokTest</td>
<td></td>
<td>0</td>
<td>com.pokitdok.tests.PokitDokTest@5705b99f</td></tr>
<tr>
<td title='com.pokitdok.tests.PokitDokTest.shouldCreateTest()'><b>shouldCreateTest</b><br>Test class: com.pokitdok.tests.PokitDokTest</td>
<td></td>
<td>0</td>
<td>com.pokitdok.tests.PokitDokTest@5705b99f</td></tr>
</table><p>
</body>
</html>